0 info it worked if it ends with ok
1 verbose cli [ 'd:\\install\\nodejs4\\node.exe',
1 verbose cli   'd:\\Users\\zhangyq\\AppData\\Roaming\\npm\\node_modules\\npm\\bin\\npm-cli.js',
1 verbose cli   'publish' ]
2 info using npm@3.9.2
3 info using node@v4.4.4
4 verbose publish [ '.' ]
5 silly cache add args [ '.', null ]
6 verbose cache add spec .
7 silly cache add parsed spec Result {
7 silly cache add   raw: '.',
7 silly cache add   scope: null,
7 silly cache add   name: null,
7 silly cache add   rawSpec: '.',
7 silly cache add   spec: 'D:\\program\\react\\SimpleCoder',
7 silly cache add   type: 'directory' }
8 verbose addLocalDirectory d:\Users\zhangyq\AppData\Roaming\npm-cache\simple-coder\0.2.18\package.tgz not in flight; packing
9 verbose correctMkdir d:\Users\zhangyq\AppData\Roaming\npm-cache correctMkdir not in flight; initializing
10 info lifecycle simple-coder@0.2.18~prepublish: simple-coder@0.2.18
11 silly lifecycle simple-coder@0.2.18~prepublish: no script for prepublish, continuing
12 verbose tar pack [ 'd:\\Users\\zhangyq\\AppData\\Roaming\\npm-cache\\simple-coder\\0.2.18\\package.tgz',
12 verbose tar pack   'D:\\program\\react\\SimpleCoder' ]
13 verbose tarball d:\Users\zhangyq\AppData\Roaming\npm-cache\simple-coder\0.2.18\package.tgz
14 verbose folder D:\program\react\SimpleCoder
15 verbose stack TypeError: Path must be a string. Received [ './build/js/bootstrap-tour.js',
15 verbose stack   './build/css/bootstrap-tour.css' ]
15 verbose stack     at assertPath (path.js:8:11)
15 verbose stack     at Object.win32.resolve (path.js:130:5)
15 verbose stack     at InstancePacker.Packer.applyIgnores (d:\Users\zhangyq\AppData\Roaming\npm\node_modules\npm\node_modules\fstream-npm\fstream-npm.js:111:59)
15 verbose stack     at InstancePacker.<anonymous> (d:\Users\zhangyq\AppData\Roaming\npm\node_modules\npm\node_modules\fstream-npm\node_modules\fstream-ignore\ignore.js:181:17)
15 verbose stack     at Array.filter (native)
15 verbose stack     at InstancePacker.IgnoreReader.filterEntries (d:\Users\zhangyq\AppData\Roaming\npm\node_modules\npm\node_modules\fstream-npm\node_modules\fstream-ignore\ignore.js:179:31)
15 verbose stack     at InstancePacker.<anonymous> (d:\Users\zhangyq\AppData\Roaming\npm\node_modules\npm\node_modules\fstream-npm\node_modules\fstream-ignore\ignore.js:92:12)
15 verbose stack     at InstancePacker.<anonymous> (d:\Users\zhangyq\AppData\Roaming\npm\node_modules\npm\node_modules\fstream-npm\node_modules\fstream-ignore\ignore.js:134:5)
15 verbose stack     at d:\Users\zhangyq\AppData\Roaming\npm\node_modules\npm\node_modules\graceful-fs\graceful-fs.js:78:16
15 verbose stack     at FSReqWrap.readFileAfterClose [as oncomplete] (fs.js:380:3)
16 verbose cwd D:\program\react\SimpleCoder
17 error Windows_NT 6.1.7601
18 error argv "d:\\install\\nodejs4\\node.exe" "d:\\Users\\zhangyq\\AppData\\Roaming\\npm\\node_modules\\npm\\bin\\npm-cli.js" "publish"
19 error node v4.4.4
20 error npm  v3.9.2
21 error Path must be a string. Received [ './build/js/bootstrap-tour.js',
21 error   './build/css/bootstrap-tour.css' ]
22 error If you need help, you may report this error at:
22 error     <https://github.com/npm/npm/issues>
23 verbose exit [ 1, true ]
